TN:
SF:src\config\index.ts
FN:74,(anonymous_1)
FN:81,(anonymous_2)
FN:91,(anonymous_3)
FN:108,(anonymous_4)
FN:129,(anonymous_5)
FN:154,(anonymous_6)
FN:162,(anonymous_7)
FN:172,(anonymous_8)
FN:183,(anonymous_9)
FN:194,(anonymous_10)
FN:204,(anonymous_11)
FN:211,(anonymous_12)
FN:218,(anonymous_13)
FN:226,(anonymous_14)
FN:241,(anonymous_15)
FN:268,(anonymous_16)
FNF:16
FNH:16
FNDA:32,(anonymous_1)
FNDA:38,(anonymous_2)
FNDA:32,(anonymous_3)
FNDA:32,(anonymous_4)
FNDA:31,(anonymous_5)
FNDA:43,(anonymous_6)
FNDA:4,(anonymous_7)
FNDA:74,(anonymous_8)
FNDA:5,(anonymous_9)
FNDA:6,(anonymous_10)
FNDA:8,(anonymous_11)
FNDA:5,(anonymous_12)
FNDA:10,(anonymous_13)
FNDA:3,(anonymous_14)
FNDA:7,(anonymous_15)
FNDA:3,(anonymous_16)
DA:6,3
DA:7,3
DA:8,3
DA:9,3
DA:13,3
DA:18,3
DA:69,3
DA:71,32
DA:72,32
DA:75,32
DA:82,38
DA:83,32
DA:85,37
DA:92,32
DA:94,32
DA:95,31
DA:98,31
DA:101,1
DA:109,32
DA:123,32
DA:130,31
DA:132,31
DA:133,2
DA:134,2
DA:135,2
DA:137,1
DA:138,1
DA:139,1
DA:140,1
DA:141,1
DA:146,1
DA:155,43
DA:161,43
DA:162,4
DA:163,2
DA:166,41
DA:173,74
DA:174,74
DA:175,1
DA:177,73
DA:184,5
DA:185,5
DA:186,1
DA:188,4
DA:195,6
DA:196,1
DA:198,5
DA:205,8
DA:212,5
DA:219,10
DA:220,9
DA:227,3
DA:228,1
DA:231,2
DA:232,1
DA:235,2
DA:242,7
DA:243,7
DA:246,6
DA:247,1
DA:256,5
DA:258,1
DA:269,3
DA:270,3
DA:290,3
LF:65
LH:65
BRDA:82,0,0,32
BRDA:101,1,0,1
BRDA:101,1,1,0
BRDA:114,2,0,32
BRDA:114,2,1,32
BRDA:115,3,0,32
BRDA:115,3,1,32
BRDA:116,4,0,32
BRDA:116,4,1,32
BRDA:117,5,0,32
BRDA:117,5,1,32
BRDA:118,6,0,32
BRDA:118,6,1,32
BRDA:119,7,0,32
BRDA:119,7,1,32
BRDA:120,8,0,32
BRDA:120,8,1,32
BRDA:132,9,0,2
BRDA:137,10,0,1
BRDA:137,11,0,1
BRDA:137,11,1,1
BRDA:139,12,0,1
BRDA:139,13,0,1
BRDA:139,13,1,1
BRDA:146,14,0,1
BRDA:146,14,1,0
BRDA:161,15,0,2
BRDA:174,16,0,1
BRDA:185,17,0,1
BRDA:195,18,0,1
BRDA:227,19,0,1
BRDA:231,20,0,1
BRDA:243,21,0,2
BRDA:243,21,1,5
BRDA:246,22,0,1
BRDA:246,23,0,6
BRDA:246,23,1,5
BRDA:246,23,2,5
BRDA:246,23,3,5
BRDA:260,24,0,1
BRDA:260,24,1,0
BRF:41
BRH:38
end_of_record
TN:
SF:src\server\mcp-server.ts
FN:23,(anonymous_0)
FN:31,(anonymous_1)
FN:43,(anonymous_2)
FN:110,(anonymous_3)
FN:161,(anonymous_4)
FN:215,(anonymous_5)
FN:226,(anonymous_6)
FN:233,(anonymous_7)
FN:234,(anonymous_8)
FN:240,(anonymous_9)
FN:319,(anonymous_10)
FN:366,(anonymous_11)
FN:383,(anonymous_12)
FN:412,(anonymous_13)
FN:423,(anonymous_14)
FN:434,(anonymous_15)
FN:442,(anonymous_16)
FN:476,(anonymous_17)
FN:481,(anonymous_18)
FN:486,(anonymous_19)
FNF:20
FNH:18
FNDA:56,(anonymous_0)
FNDA:56,(anonymous_1)
FNDA:5,(anonymous_2)
FNDA:3,(anonymous_3)
FNDA:1,(anonymous_4)
FNDA:1,(anonymous_5)
FNDA:224,(anonymous_6)
FNDA:8,(anonymous_7)
FNDA:32,(anonymous_8)
FNDA:41,(anonymous_9)
FNDA:17,(anonymous_10)
FNDA:19,(anonymous_11)
FNDA:12,(anonymous_12)
FNDA:18,(anonymous_13)
FNDA:25,(anonymous_14)
FNDA:3,(anonymous_15)
FNDA:2,(anonymous_16)
FNDA:1,(anonymous_17)
FNDA:0,(anonymous_18)
FNDA:0,(anonymous_19)
DA:6,1
DA:19,1
DA:21,56
DA:24,56
DA:25,56
DA:33,56
DA:44,5
DA:49,56
DA:111,3
DA:116,56
DA:162,1
DA:167,56
DA:216,1
DA:220,56
DA:227,224
DA:234,32
DA:241,41
DA:243,41
DA:244,41
DA:251,41
DA:252,2
DA:255,39
DA:256,1
DA:260,38
DA:261,4
DA:266,34
DA:267,18
DA:268,1
DA:271,17
DA:279,16
DA:280,2
DA:294,14
DA:295,1
DA:299,13
DA:302,17
DA:303,17
DA:309,17
DA:324,17
DA:326,17
DA:327,17
DA:329,17
DA:330,17
DA:331,1
DA:335,16
DA:338,10
DA:340,10
DA:341,10
DA:343,10
DA:353,7
DA:354,7
DA:356,7
DA:367,19
DA:368,2
DA:371,17
DA:372,27
DA:373,7
DA:384,12
DA:385,12
DA:387,12
DA:388,12
DA:390,12
DA:391,3
DA:394,12
DA:396,12
DA:397,3
DA:398,3
DA:399,3
DA:400,3
DA:402,9
DA:403,9
DA:406,12
DA:413,18
DA:424,25
DA:435,3
DA:436,3
DA:438,3
DA:440,3
DA:442,3
DA:443,2
DA:446,2
DA:447,2
DA:449,2
DA:450,3
DA:451,3
DA:452,3
DA:453,2
DA:456,2
DA:458,1
DA:461,1
DA:470,1
DA:476,3
DA:477,1
DA:478,1
DA:481,3
DA:482,0
DA:483,0
DA:486,3
DA:487,0
DA:488,0
DA:496,1
LF:100
LH:96
BRDA:251,0,0,2
BRDA:255,1,0,1
BRDA:255,2,0,39
BRDA:255,2,1,38
BRDA:260,3,0,4
BRDA:266,4,0,18
BRDA:267,5,0,1
BRDA:267,6,0,18
BRDA:267,6,1,18
BRDA:274,7,0,17
BRDA:274,7,1,1
BRDA:279,8,0,2
BRDA:294,9,0,1
BRDA:306,10,0,17
BRDA:306,10,1,0
BRDA:311,11,0,17
BRDA:311,11,1,0
BRDA:330,12,0,1
BRDA:358,13,0,7
BRDA:358,13,1,0
BRDA:367,14,0,2
BRDA:367,15,0,19
BRDA:367,15,1,18
BRDA:372,16,0,7
BRDA:384,17,0,3
BRDA:384,17,1,9
BRDA:390,18,0,3
BRDA:396,19,0,3
BRDA:396,19,1,9
BRDA:447,20,0,2
BRDA:447,20,1,2
BRDA:450,21,0,3
BRF:32
BRH:29
end_of_record
TN:
SF:src\services\azure-client.ts
FN:41,(anonymous_0)
FN:42,(anonymous_1)
FN:43,(anonymous_2)
FN:44,(anonymous_3)
FN:81,(anonymous_4)
FN:92,(anonymous_5)
FN:135,(anonymous_6)
FN:217,(anonymous_7)
FN:241,(anonymous_8)
FN:244,(anonymous_9)
FN:253,(anonymous_10)
FN:254,(anonymous_11)
FN:260,(anonymous_12)
FN:261,(anonymous_13)
FN:280,(anonymous_14)
FN:281,(anonymous_15)
FN:289,(anonymous_16)
FN:290,(anonymous_17)
FN:298,(anonymous_18)
FN:299,(anonymous_19)
FN:307,(anonymous_20)
FN:308,(anonymous_21)
FN:328,(anonymous_22)
FN:334,(anonymous_23)
FN:348,(anonymous_24)
FN:355,(anonymous_25)
FN:375,(anonymous_26)
FN:383,(anonymous_27)
FN:409,(anonymous_28)
FN:416,(anonymous_29)
FN:441,(anonymous_30)
FN:442,(anonymous_31)
FN:464,(anonymous_32)
FN:479,(anonymous_33)
FN:494,(anonymous_34)
FN:513,(anonymous_35)
FNF:36
FNH:36
FNDA:212,(anonymous_0)
FNDA:18,(anonymous_1)
FNDA:15,(anonymous_2)
FNDA:134,(anonymous_3)
FNDA:95,(anonymous_4)
FNDA:95,(anonymous_5)
FNDA:133,(anonymous_6)
FNDA:133,(anonymous_7)
FNDA:18,(anonymous_8)
FNDA:161,(anonymous_9)
FNDA:103,(anonymous_10)
FNDA:103,(anonymous_11)
FNDA:111,(anonymous_12)
FNDA:111,(anonymous_13)
FNDA:5,(anonymous_14)
FNDA:5,(anonymous_15)
FNDA:1,(anonymous_16)
FNDA:1,(anonymous_17)
FNDA:1,(anonymous_18)
FNDA:1,(anonymous_19)
FNDA:4,(anonymous_20)
FNDA:4,(anonymous_21)
FNDA:1,(anonymous_22)
FNDA:1,(anonymous_23)
FNDA:1,(anonymous_24)
FNDA:1,(anonymous_25)
FNDA:3,(anonymous_26)
FNDA:3,(anonymous_27)
FNDA:1,(anonymous_28)
FNDA:1,(anonymous_29)
FNDA:5,(anonymous_30)
FNDA:5,(anonymous_31)
FNDA:1,(anonymous_32)
FNDA:3,(anonymous_33)
FNDA:2,(anonymous_34)
FNDA:4,(anonymous_35)
DA:6,3
DA:11,3
DA:16,3
DA:21,3
DA:25,3
DA:29,3
DA:33,3
DA:40,3
DA:41,212
DA:42,18
DA:43,15
DA:44,134
DA:50,3
DA:70,3
DA:77,95
DA:78,95
DA:79,95
DA:82,95
DA:85,95
DA:86,95
DA:93,95
DA:94,95
DA:95,95
DA:102,94
DA:107,94
DA:112,94
DA:117,94
DA:122,94
DA:127,1
DA:128,1
DA:139,133
DA:140,133
DA:143,133
DA:147,133
DA:148,133
DA:149,133
DA:156,133
DA:158,118
DA:159,118
DA:166,118
DA:168,15
DA:169,15
DA:171,15
DA:180,15
DA:181,15
DA:185,0
DA:190,0
DA:197,0
DA:202,15
DA:203,15
DA:211,15
DA:218,133
DA:219,133
DA:221,133
DA:222,103
DA:223,103
DA:226,133
DA:227,133
DA:230,133
DA:231,1
DA:242,18
DA:244,18
DA:245,161
DA:254,103
DA:261,111
DA:262,111
DA:265,111
DA:269,111
DA:270,204
DA:273,103
DA:281,5
DA:282,5
DA:290,1
DA:291,1
DA:299,1
DA:300,1
DA:308,4
DA:309,4
DA:318,4
DA:334,1
DA:335,1
DA:341,1
DA:355,1
DA:356,1
DA:364,1
DA:383,3
DA:384,3
DA:398,3
DA:416,1
DA:417,1
DA:428,1
DA:434,1
DA:442,5
DA:443,5
DA:448,4
DA:449,1
DA:452,3
DA:453,3
DA:454,1
DA:457,2
DA:465,1
DA:467,1
DA:468,1
DA:473,1
DA:480,3
DA:488,3
DA:495,2
DA:497,2
DA:498,0
DA:500,0
DA:502,2
DA:503,2
DA:514,4
LF:113
LH:108
BRDA:41,0,0,212
BRDA:41,0,1,0
BRDA:42,1,0,18
BRDA:42,1,1,0
BRDA:43,2,0,15
BRDA:43,2,1,0
BRDA:44,3,0,134
BRDA:44,3,1,0
BRDA:83,4,0,94
BRDA:94,5,0,56
BRDA:94,5,1,39
BRDA:128,6,0,1
BRDA:128,6,1,0
BRDA:137,7,0,0
BRDA:168,8,0,15
BRDA:168,8,1,0
BRDA:180,9,0,15
BRDA:180,10,0,15
BRDA:180,10,1,15
BRDA:211,11,0,15
BRDA:211,11,1,0
BRDA:221,12,0,103
BRDA:230,13,0,1
BRDA:245,14,0,161
BRDA:245,14,1,159
BRDA:260,15,0,106
BRDA:280,16,0,5
BRDA:289,17,0,1
BRDA:298,18,0,1
BRDA:307,19,0,2
BRDA:307,20,0,4
BRDA:332,21,0,1
BRDA:353,22,0,1
BRDA:360,23,0,1
BRDA:360,23,1,0
BRDA:360,24,0,0
BRDA:360,24,1,0
BRDA:381,25,0,3
BRDA:414,26,0,1
BRDA:441,27,0,4
BRDA:448,28,0,1
BRDA:448,29,0,4
BRDA:448,29,1,4
BRDA:453,30,0,1
BRDA:464,31,0,1
BRDA:488,32,0,3
BRDA:488,32,1,1
BRDA:494,33,0,2
BRDA:505,34,0,2
BRDA:505,34,1,0
BRF:50
BRH:38
end_of_record
TN:
SF:src\tools\azure-operations.ts
FN:25,(anonymous_0)
FN:34,(anonymous_1)
FN:96,(anonymous_2)
FN:154,(anonymous_3)
FN:202,(anonymous_4)
FN:248,(anonymous_5)
FN:258,(anonymous_6)
FN:284,(anonymous_7)
FN:316,(anonymous_8)
FN:391,(anonymous_9)
FN:447,(anonymous_10)
FN:471,(anonymous_11)
FN:502,(anonymous_12)
FN:517,(anonymous_13)
FN:529,(anonymous_14)
FN:541,(anonymous_15)
FN:549,(anonymous_16)
FNF:17
FNH:17
FNDA:107,(anonymous_0)
FNDA:23,(anonymous_1)
FNDA:18,(anonymous_2)
FNDA:11,(anonymous_3)
FNDA:8,(anonymous_4)
FNDA:8,(anonymous_5)
FNDA:4,(anonymous_6)
FNDA:6,(anonymous_7)
FNDA:9,(anonymous_8)
FNDA:2,(anonymous_9)
FNDA:7,(anonymous_10)
FNDA:6,(anonymous_11)
FNDA:17,(anonymous_12)
FNDA:11,(anonymous_13)
FNDA:8,(anonymous_14)
FNDA:17,(anonymous_15)
FNDA:8,(anonymous_16)
DA:6,2
DA:7,2
DA:22,2
DA:26,107
DA:27,107
DA:35,23
DA:36,23
DA:38,23
DA:39,23
DA:42,23
DA:46,14
DA:48,14
DA:49,14
DA:50,14
DA:52,8
DA:53,8
DA:54,4
DA:56,6
DA:58,6
DA:59,6
DA:60,4
DA:64,0
DA:69,12
DA:70,12
DA:72,12
DA:80,11
DA:81,11
DA:83,11
DA:97,18
DA:98,18
DA:100,18
DA:101,18
DA:104,18
DA:108,12
DA:109,9
DA:110,3
DA:111,2
DA:113,1
DA:116,4
DA:117,4
DA:119,4
DA:128,14
DA:129,14
DA:132,14
DA:141,14
DA:155,11
DA:156,11
DA:158,11
DA:159,11
DA:162,11
DA:164,7
DA:166,7
DA:167,7
DA:169,7
DA:178,4
DA:179,4
DA:182,4
DA:189,4
DA:203,8
DA:204,8
DA:206,8
DA:207,8
DA:210,8
DA:212,6
DA:214,6
DA:215,6
DA:217,6
DA:226,2
DA:227,2
DA:230,2
DA:236,2
DA:249,8
DA:250,8
DA:251,7
DA:254,7
DA:255,4
DA:258,4
DA:259,4
DA:262,4
DA:276,4
DA:277,4
DA:285,6
DA:286,6
DA:287,6
DA:290,6
DA:292,4
DA:308,2
DA:309,2
DA:317,9
DA:319,9
DA:320,9
DA:321,9
DA:324,9
DA:331,8
DA:365,8
DA:371,7
DA:392,2
DA:394,2
DA:395,2
DA:396,2
DA:399,2
DA:406,1
DA:414,1
DA:416,1
DA:424,1
DA:437,1
DA:438,1
DA:441,1
DA:451,7
DA:453,7
DA:461,7
DA:462,3
DA:465,7
DA:475,6
DA:476,6
DA:478,6
DA:484,6
DA:485,6
DA:488,6
DA:489,3
DA:492,6
DA:493,3
DA:496,6
DA:503,17
DA:504,3
DA:506,14
DA:507,1
DA:509,13
DA:510,1
DA:512,12
DA:513,1
DA:518,11
DA:519,1
DA:521,10
DA:522,1
DA:524,9
DA:525,2
DA:530,8
DA:531,1
DA:533,7
DA:534,1
DA:542,17
DA:543,17
DA:544,3
DA:546,14
DA:550,8
DA:551,8
DA:552,8
DA:553,8
DA:554,128
DA:556,8
LF:151
LH:150
BRDA:50,0,0,8
BRDA:50,0,1,6
BRDA:53,1,0,4
BRDA:56,2,0,6
BRDA:59,3,0,4
BRDA:108,4,0,9
BRDA:108,4,1,3
BRDA:110,5,0,2
BRDA:110,5,1,1
BRDA:258,6,0,4
BRDA:258,6,1,1
BRDA:267,7,0,4
BRDA:267,7,1,0
BRDA:269,8,0,4
BRDA:269,8,1,1
BRDA:270,9,0,4
BRDA:270,9,1,1
BRDA:271,10,0,4
BRDA:271,10,1,1
BRDA:273,11,0,4
BRDA:273,11,1,4
BRDA:296,12,0,4
BRDA:296,12,1,0
BRDA:297,13,0,4
BRDA:297,13,1,0
BRDA:300,14,0,4
BRDA:300,14,1,0
BRDA:305,15,0,4
BRDA:305,15,1,4
BRDA:317,16,0,9
BRDA:317,16,1,8
BRDA:320,17,0,9
BRDA:320,17,1,6
BRDA:320,17,2,0
BRDA:321,18,0,9
BRDA:321,18,1,6
BRDA:338,19,0,6
BRDA:338,19,1,2
BRDA:339,20,0,6
BRDA:339,20,1,2
BRDA:340,21,0,6
BRDA:340,21,1,2
BRDA:351,22,0,8
BRDA:351,22,1,8
BRDA:352,23,0,8
BRDA:352,23,1,8
BRDA:372,24,0,7
BRDA:372,24,1,0
BRDA:381,25,0,3
BRDA:381,25,1,3
BRDA:392,26,0,2
BRDA:392,26,1,1
BRDA:396,27,0,2
BRDA:396,27,1,2
BRDA:396,27,2,0
BRDA:425,28,0,1
BRDA:425,28,1,0
BRDA:432,29,0,1
BRDA:432,29,1,1
BRDA:437,30,0,1
BRDA:458,31,0,7
BRDA:458,31,1,3
BRDA:461,32,0,3
BRDA:484,33,0,6
BRDA:488,34,0,3
BRDA:492,35,0,3
BRDA:503,36,0,3
BRDA:503,37,0,17
BRDA:503,37,1,17
BRDA:506,38,0,1
BRDA:506,39,0,14
BRDA:506,39,1,13
BRDA:509,40,0,1
BRDA:509,41,0,13
BRDA:509,41,1,12
BRDA:512,42,0,1
BRDA:518,43,0,1
BRDA:518,44,0,11
BRDA:518,44,1,10
BRDA:521,45,0,1
BRDA:521,46,0,10
BRDA:521,46,1,9
BRDA:524,47,0,2
BRDA:524,48,0,9
BRDA:524,48,1,9
BRDA:530,49,0,1
BRDA:530,50,0,8
BRDA:530,50,1,7
BRDA:533,51,0,1
BRDA:533,52,0,7
BRDA:533,52,1,6
BRDA:543,53,0,3
BRDA:543,54,0,17
BRDA:543,54,1,14
BRF:94
BRH:86
end_of_record
TN:
SF:src\utils\logger.ts
FN:16,(anonymous_1)
FN:32,(anonymous_2)
FN:65,(anonymous_3)
FN:72,(anonymous_4)
FN:79,(anonymous_5)
FN:88,(anonymous_6)
FN:95,(anonymous_7)
FN:102,(anonymous_8)
FN:109,(anonymous_9)
FN:116,(anonymous_10)
FN:123,(anonymous_11)
FN:134,(anonymous_12)
FN:146,(anonymous_13)
FN:159,(anonymous_14)
FN:168,(anonymous_15)
FN:179,(anonymous_16)
FN:212,(anonymous_17)
FN:226,(anonymous_18)
FN:240,(anonymous_19)
FN:252,(anonymous_20)
FNF:20
FNH:18
FNDA:0,(anonymous_1)
FNDA:0,(anonymous_2)
FNDA:4,(anonymous_3)
FNDA:17,(anonymous_4)
FNDA:21,(anonymous_5)
FNDA:7,(anonymous_6)
FNDA:6,(anonymous_7)
FNDA:42,(anonymous_8)
FNDA:18,(anonymous_9)
FNDA:1,(anonymous_10)
FNDA:5,(anonymous_11)
FNDA:6,(anonymous_12)
FNDA:2,(anonymous_13)
FNDA:5,(anonymous_14)
FNDA:37,(anonymous_15)
FNDA:6,(anonymous_16)
FNDA:9,(anonymous_17)
FNDA:9,(anonymous_18)
FNDA:7,(anonymous_19)
FNDA:7,(anonymous_20)
DA:6,1
DA:12,1
DA:17,0
DA:29,1
DA:33,0
DA:34,0
DA:41,1
DA:60,22
DA:66,4
DA:73,17
DA:80,21
DA:81,21
DA:82,21
DA:89,7
DA:96,6
DA:103,42
DA:110,18
DA:117,1
DA:124,5
DA:135,6
DA:147,2
DA:160,5
DA:161,1
DA:164,4
DA:165,4
DA:167,4
DA:168,37
DA:169,1
DA:173,4
DA:180,6
DA:181,3
DA:184,3
DA:187,3
DA:188,1
DA:189,1
DA:190,1
DA:191,1
DA:194,3
DA:201,1
DA:206,1
DA:211,1
DA:213,9
DA:214,9
DA:221,1
DA:227,9
DA:228,9
DA:229,9
DA:231,9
DA:241,7
DA:242,7
DA:253,7
DA:255,7
DA:256,4
DA:262,3
DA:270,7
LF:55
LH:52
BRDA:33,0,0,0
BRDA:33,0,1,0
BRDA:42,1,0,1
BRDA:42,1,1,0
BRDA:50,2,0,0
BRDA:50,2,1,1
BRDA:88,3,0,2
BRDA:95,4,0,3
BRDA:102,5,0,13
BRDA:109,6,0,2
BRDA:116,7,0,1
BRDA:123,8,0,0
BRDA:134,9,0,0
BRDA:160,10,0,1
BRDA:160,11,0,5
BRDA:160,11,1,5
BRDA:168,12,0,1
BRDA:180,13,0,3
BRDA:180,14,0,6
BRDA:180,14,1,5
BRDA:187,15,0,1
BRDA:187,16,0,3
BRDA:187,16,1,1
BRDA:213,17,0,9
BRDA:213,17,1,5
BRDA:226,18,0,4
BRDA:252,19,0,0
BRDA:255,20,0,4
BRDA:255,20,1,3
BRF:29
BRH:22
end_of_record
