TN:
SF:src\config\index.ts
FN:74,(anonymous_1)
FN:81,(anonymous_2)
FN:91,(anonymous_3)
FN:108,(anonymous_4)
FN:129,(anonymous_5)
FN:154,(anonymous_6)
FN:162,(anonymous_7)
FN:172,(anonymous_8)
FN:183,(anonymous_9)
FN:194,(anonymous_10)
FN:204,(anonymous_11)
FN:211,(anonymous_12)
FN:218,(anonymous_13)
FN:226,(anonymous_14)
FN:241,(anonymous_15)
FN:268,(anonymous_16)
FNF:16
FNH:16
FNDA:25,(anonymous_1)
FNDA:31,(anonymous_2)
FNDA:25,(anonymous_3)
FNDA:25,(anonymous_4)
FNDA:24,(anonymous_5)
FNDA:34,(anonymous_6)
FNDA:4,(anonymous_7)
FNDA:60,(anonymous_8)
FNDA:2,(anonymous_9)
FNDA:5,(anonymous_10)
FNDA:7,(anonymous_11)
FNDA:3,(anonymous_12)
FNDA:8,(anonymous_13)
FNDA:2,(anonymous_14)
FNDA:3,(anonymous_15)
FNDA:2,(anonymous_16)
DA:6,3
DA:7,3
DA:8,3
DA:9,3
DA:13,3
DA:18,3
DA:69,3
DA:71,25
DA:72,25
DA:75,25
DA:82,31
DA:83,25
DA:85,30
DA:92,25
DA:94,25
DA:95,24
DA:98,24
DA:101,1
DA:109,25
DA:123,25
DA:130,24
DA:132,24
DA:133,2
DA:134,2
DA:135,2
DA:137,1
DA:138,1
DA:139,1
DA:140,1
DA:141,1
DA:146,1
DA:155,34
DA:161,34
DA:162,4
DA:163,2
DA:166,32
DA:173,60
DA:174,60
DA:175,0
DA:177,60
DA:184,2
DA:185,2
DA:186,1
DA:188,1
DA:195,5
DA:196,1
DA:198,4
DA:205,7
DA:212,3
DA:219,8
DA:220,7
DA:227,2
DA:228,1
DA:231,1
DA:232,0
DA:235,1
DA:242,3
DA:243,3
DA:246,3
DA:247,0
DA:256,3
DA:258,0
DA:269,2
DA:270,2
DA:290,3
LF:65
LH:61
BRDA:82,0,0,25
BRDA:101,1,0,1
BRDA:101,1,1,0
BRDA:114,2,0,25
BRDA:114,2,1,25
BRDA:115,3,0,25
BRDA:115,3,1,25
BRDA:116,4,0,25
BRDA:116,4,1,25
BRDA:117,5,0,25
BRDA:117,5,1,25
BRDA:118,6,0,25
BRDA:118,6,1,25
BRDA:119,7,0,25
BRDA:119,7,1,25
BRDA:120,8,0,25
BRDA:120,8,1,25
BRDA:132,9,0,2
BRDA:137,10,0,1
BRDA:137,11,0,1
BRDA:137,11,1,1
BRDA:139,12,0,1
BRDA:139,13,0,1
BRDA:139,13,1,1
BRDA:146,14,0,1
BRDA:146,14,1,0
BRDA:161,15,0,2
BRDA:174,16,0,0
BRDA:185,17,0,1
BRDA:195,18,0,1
BRDA:227,19,0,1
BRDA:231,20,0,0
BRDA:243,21,0,1
BRDA:243,21,1,2
BRDA:246,22,0,0
BRDA:246,23,0,3
BRDA:246,23,1,3
BRDA:246,23,2,3
BRDA:246,23,3,3
BRDA:260,24,0,0
BRDA:260,24,1,0
BRF:41
BRH:34
end_of_record
TN:
SF:src\server\mcp-server.ts
FN:23,(anonymous_0)
FN:31,(anonymous_1)
FN:43,(anonymous_2)
FN:110,(anonymous_3)
FN:161,(anonymous_4)
FN:215,(anonymous_5)
FN:226,(anonymous_6)
FN:233,(anonymous_7)
FN:234,(anonymous_8)
FN:240,(anonymous_9)
FN:319,(anonymous_10)
FN:366,(anonymous_11)
FN:383,(anonymous_12)
FN:412,(anonymous_13)
FN:423,(anonymous_14)
FN:434,(anonymous_15)
FN:442,(anonymous_16)
FN:476,(anonymous_17)
FN:481,(anonymous_18)
FN:486,(anonymous_19)
FNF:20
FNH:18
FNDA:48,(anonymous_0)
FNDA:48,(anonymous_1)
FNDA:5,(anonymous_2)
FNDA:3,(anonymous_3)
FNDA:1,(anonymous_4)
FNDA:1,(anonymous_5)
FNDA:192,(anonymous_6)
FNDA:7,(anonymous_7)
FNDA:28,(anonymous_8)
FNDA:39,(anonymous_9)
FNDA:17,(anonymous_10)
FNDA:16,(anonymous_11)
FNDA:10,(anonymous_12)
FNDA:15,(anonymous_13)
FNDA:24,(anonymous_14)
FNDA:3,(anonymous_15)
FNDA:1,(anonymous_16)
FNDA:1,(anonymous_17)
FNDA:0,(anonymous_18)
FNDA:0,(anonymous_19)
DA:6,1
DA:19,1
DA:21,48
DA:24,48
DA:25,48
DA:33,48
DA:44,5
DA:49,48
DA:111,3
DA:116,48
DA:162,1
DA:167,48
DA:216,1
DA:220,48
DA:227,192
DA:234,28
DA:241,39
DA:243,39
DA:244,39
DA:251,39
DA:252,2
DA:255,37
DA:256,1
DA:260,36
DA:261,3
DA:266,33
DA:267,18
DA:268,1
DA:271,17
DA:279,15
DA:280,1
DA:294,14
DA:295,1
DA:299,13
DA:302,17
DA:303,17
DA:309,17
DA:324,17
DA:326,17
DA:327,17
DA:329,17
DA:330,17
DA:331,1
DA:335,16
DA:338,10
DA:340,10
DA:341,10
DA:343,10
DA:353,7
DA:354,7
DA:356,7
DA:367,16
DA:368,0
DA:371,16
DA:372,25
DA:373,6
DA:384,10
DA:385,10
DA:387,10
DA:388,10
DA:390,10
DA:391,2
DA:394,10
DA:396,10
DA:397,2
DA:398,2
DA:399,2
DA:400,2
DA:402,8
DA:403,8
DA:406,10
DA:413,15
DA:424,24
DA:435,3
DA:436,3
DA:438,3
DA:440,3
DA:442,3
DA:443,1
DA:446,1
DA:447,1
DA:449,1
DA:450,1
DA:451,1
DA:452,1
DA:453,0
DA:456,0
DA:458,1
DA:461,1
DA:470,1
DA:476,3
DA:477,1
DA:478,1
DA:481,3
DA:482,0
DA:483,0
DA:486,3
DA:487,0
DA:488,0
DA:496,1
LF:100
LH:93
BRDA:251,0,0,2
BRDA:255,1,0,1
BRDA:255,2,0,37
BRDA:255,2,1,36
BRDA:260,3,0,3
BRDA:266,4,0,18
BRDA:267,5,0,1
BRDA:267,6,0,18
BRDA:267,6,1,18
BRDA:274,7,0,17
BRDA:274,7,1,1
BRDA:279,8,0,1
BRDA:294,9,0,1
BRDA:306,10,0,17
BRDA:306,10,1,0
BRDA:311,11,0,17
BRDA:311,11,1,0
BRDA:330,12,0,1
BRDA:358,13,0,7
BRDA:358,13,1,0
BRDA:367,14,0,0
BRDA:367,15,0,16
BRDA:367,15,1,16
BRDA:372,16,0,6
BRDA:384,17,0,2
BRDA:384,17,1,8
BRDA:390,18,0,2
BRDA:396,19,0,2
BRDA:396,19,1,8
BRDA:447,20,0,1
BRDA:447,20,1,1
BRDA:450,21,0,1
BRF:32
BRH:28
end_of_record
TN:
SF:src\services\azure-client.ts
FN:41,(anonymous_0)
FN:42,(anonymous_1)
FN:43,(anonymous_2)
FN:44,(anonymous_3)
FN:81,(anonymous_4)
FN:92,(anonymous_5)
FN:135,(anonymous_6)
FN:217,(anonymous_7)
FN:241,(anonymous_8)
FN:244,(anonymous_9)
FN:253,(anonymous_10)
FN:254,(anonymous_11)
FN:260,(anonymous_12)
FN:261,(anonymous_13)
FN:280,(anonymous_14)
FN:281,(anonymous_15)
FN:289,(anonymous_16)
FN:290,(anonymous_17)
FN:298,(anonymous_18)
FN:299,(anonymous_19)
FN:307,(anonymous_20)
FN:308,(anonymous_21)
FN:328,(anonymous_22)
FN:334,(anonymous_23)
FN:348,(anonymous_24)
FN:355,(anonymous_25)
FN:375,(anonymous_26)
FN:383,(anonymous_27)
FN:409,(anonymous_28)
FN:416,(anonymous_29)
FN:441,(anonymous_30)
FN:442,(anonymous_31)
FN:464,(anonymous_32)
FN:479,(anonymous_33)
FN:494,(anonymous_34)
FN:513,(anonymous_35)
FNF:36
FNH:27
FNDA:90,(anonymous_0)
FNDA:16,(anonymous_1)
FNDA:13,(anonymous_2)
FNDA:25,(anonymous_3)
FNDA:79,(anonymous_4)
FNDA:79,(anonymous_5)
FNDA:25,(anonymous_6)
FNDA:25,(anonymous_7)
FNDA:13,(anonymous_8)
FNDA:117,(anonymous_9)
FNDA:2,(anonymous_10)
FNDA:2,(anonymous_11)
FNDA:11,(anonymous_12)
FNDA:11,(anonymous_13)
FNDA:5,(anonymous_14)
FNDA:5,(anonymous_15)
FNDA:1,(anonymous_16)
FNDA:1,(anonymous_17)
FNDA:1,(anonymous_18)
FNDA:1,(anonymous_19)
FNDA:4,(anonymous_20)
FNDA:4,(anonymous_21)
FNDA:0,(anonymous_22)
FNDA:0,(anonymous_23)
FNDA:0,(anonymous_24)
FNDA:0,(anonymous_25)
FNDA:0,(anonymous_26)
FNDA:0,(anonymous_27)
FNDA:0,(anonymous_28)
FNDA:0,(anonymous_29)
FNDA:3,(anonymous_30)
FNDA:3,(anonymous_31)
FNDA:1,(anonymous_32)
FNDA:0,(anonymous_33)
FNDA:2,(anonymous_34)
FNDA:3,(anonymous_35)
DA:6,3
DA:11,3
DA:16,3
DA:21,3
DA:25,3
DA:29,3
DA:33,3
DA:40,3
DA:41,90
DA:42,16
DA:43,13
DA:44,25
DA:50,3
DA:70,3
DA:77,79
DA:78,79
DA:79,79
DA:82,79
DA:85,79
DA:86,79
DA:93,79
DA:94,79
DA:95,79
DA:102,78
DA:107,78
DA:112,78
DA:117,78
DA:122,78
DA:127,1
DA:128,1
DA:139,25
DA:140,25
DA:143,25
DA:147,25
DA:148,25
DA:149,25
DA:156,25
DA:158,12
DA:159,12
DA:166,12
DA:168,13
DA:169,13
DA:171,13
DA:180,13
DA:181,13
DA:185,0
DA:190,0
DA:197,0
DA:202,13
DA:203,13
DA:211,13
DA:218,25
DA:219,25
DA:221,25
DA:222,2
DA:223,2
DA:226,25
DA:227,25
DA:230,25
DA:231,0
DA:242,13
DA:244,13
DA:245,117
DA:254,2
DA:261,11
DA:262,11
DA:265,11
DA:269,11
DA:270,4
DA:273,3
DA:281,5
DA:282,5
DA:290,1
DA:291,1
DA:299,1
DA:300,1
DA:308,4
DA:309,4
DA:318,4
DA:334,0
DA:335,0
DA:341,0
DA:355,0
DA:356,0
DA:364,0
DA:383,0
DA:384,0
DA:398,0
DA:416,0
DA:417,0
DA:428,0
DA:434,0
DA:442,3
DA:443,3
DA:448,2
DA:449,0
DA:452,2
DA:453,2
DA:454,0
DA:457,2
DA:465,1
DA:467,1
DA:468,1
DA:473,1
DA:480,0
DA:488,0
DA:495,2
DA:497,2
DA:498,0
DA:500,0
DA:502,2
DA:503,2
DA:514,3
LF:113
LH:90
BRDA:41,0,0,90
BRDA:41,0,1,0
BRDA:42,1,0,16
BRDA:42,1,1,0
BRDA:43,2,0,13
BRDA:43,2,1,0
BRDA:44,3,0,25
BRDA:44,3,1,0
BRDA:83,4,0,78
BRDA:94,5,0,48
BRDA:94,5,1,31
BRDA:128,6,0,1
BRDA:128,6,1,0
BRDA:137,7,0,0
BRDA:168,8,0,13
BRDA:168,8,1,0
BRDA:180,9,0,13
BRDA:180,10,0,13
BRDA:180,10,1,13
BRDA:211,11,0,13
BRDA:211,11,1,0
BRDA:221,12,0,2
BRDA:230,13,0,0
BRDA:245,14,0,117
BRDA:245,14,1,117
BRDA:260,15,0,6
BRDA:280,16,0,5
BRDA:289,17,0,1
BRDA:298,18,0,1
BRDA:307,19,0,2
BRDA:307,20,0,4
BRDA:332,21,0,0
BRDA:353,22,0,0
BRDA:360,23,0,0
BRDA:360,23,1,0
BRDA:360,24,0,0
BRDA:360,24,1,0
BRDA:381,25,0,0
BRDA:414,26,0,0
BRDA:441,27,0,2
BRDA:448,28,0,0
BRDA:448,29,0,2
BRDA:448,29,1,2
BRDA:453,30,0,0
BRDA:464,31,0,1
BRDA:488,32,0,0
BRDA:488,32,1,0
BRDA:494,33,0,2
BRDA:505,34,0,2
BRDA:505,34,1,0
BRF:50
BRH:28
end_of_record
TN:
SF:src\tools\azure-operations.ts
FN:25,(anonymous_0)
FN:34,(anonymous_1)
FN:96,(anonymous_2)
FN:154,(anonymous_3)
FN:202,(anonymous_4)
FN:248,(anonymous_5)
FN:258,(anonymous_6)
FN:284,(anonymous_7)
FN:316,(anonymous_8)
FN:391,(anonymous_9)
FN:447,(anonymous_10)
FN:471,(anonymous_11)
FN:502,(anonymous_12)
FN:517,(anonymous_13)
FN:529,(anonymous_14)
FN:541,(anonymous_15)
FN:549,(anonymous_16)
FNF:17
FNH:17
FNDA:88,(anonymous_0)
FNDA:19,(anonymous_1)
FNDA:14,(anonymous_2)
FNDA:8,(anonymous_3)
FNDA:7,(anonymous_4)
FNDA:6,(anonymous_5)
FNDA:4,(anonymous_6)
FNDA:4,(anonymous_7)
FNDA:9,(anonymous_8)
FNDA:2,(anonymous_9)
FNDA:6,(anonymous_10)
FNDA:5,(anonymous_11)
FNDA:14,(anonymous_12)
FNDA:8,(anonymous_13)
FNDA:7,(anonymous_14)
FNDA:10,(anonymous_15)
FNDA:8,(anonymous_16)
DA:6,2
DA:7,2
DA:22,2
DA:26,88
DA:27,88
DA:35,19
DA:36,19
DA:38,19
DA:39,19
DA:42,19
DA:46,11
DA:48,11
DA:49,10
DA:50,10
DA:52,6
DA:53,6
DA:54,4
DA:56,4
DA:58,4
DA:59,4
DA:60,4
DA:64,0
DA:69,9
DA:70,9
DA:72,9
DA:80,10
DA:81,10
DA:83,10
DA:97,14
DA:98,14
DA:100,14
DA:101,14
DA:104,14
DA:108,11
DA:109,9
DA:110,2
DA:111,2
DA:113,0
DA:116,4
DA:117,4
DA:119,4
DA:128,10
DA:129,10
DA:132,10
DA:141,10
DA:155,8
DA:156,8
DA:158,8
DA:159,8
DA:162,8
DA:164,6
DA:166,6
DA:167,6
DA:169,6
DA:178,2
DA:179,2
DA:182,2
DA:189,2
DA:203,7
DA:204,7
DA:206,7
DA:207,7
DA:210,7
DA:212,5
DA:214,5
DA:215,5
DA:217,5
DA:226,2
DA:227,2
DA:230,2
DA:236,2
DA:249,6
DA:250,6
DA:251,5
DA:254,5
DA:255,4
DA:258,4
DA:259,4
DA:262,4
DA:276,2
DA:277,2
DA:285,4
DA:286,4
DA:287,4
DA:290,4
DA:292,4
DA:308,0
DA:309,0
DA:317,9
DA:319,9
DA:320,9
DA:321,9
DA:324,9
DA:331,8
DA:365,8
DA:371,7
DA:392,2
DA:394,2
DA:395,2
DA:396,2
DA:399,2
DA:406,1
DA:414,1
DA:416,1
DA:424,1
DA:437,1
DA:438,1
DA:441,1
DA:451,6
DA:453,6
DA:461,6
DA:462,3
DA:465,6
DA:475,5
DA:476,5
DA:478,5
DA:484,5
DA:485,5
DA:488,5
DA:489,2
DA:492,5
DA:493,2
DA:496,5
DA:503,14
DA:504,2
DA:506,12
DA:507,0
DA:509,12
DA:510,0
DA:512,12
DA:513,1
DA:518,8
DA:519,1
DA:521,7
DA:522,0
DA:524,7
DA:525,1
DA:530,7
DA:531,1
DA:533,6
DA:534,1
DA:542,10
DA:543,10
DA:544,1
DA:546,9
DA:550,8
DA:551,8
DA:552,8
DA:553,8
DA:554,128
DA:556,8
LF:151
LH:144
BRDA:50,0,0,6
BRDA:50,0,1,4
BRDA:53,1,0,4
BRDA:56,2,0,4
BRDA:59,3,0,4
BRDA:108,4,0,9
BRDA:108,4,1,2
BRDA:110,5,0,2
BRDA:110,5,1,0
BRDA:258,6,0,4
BRDA:258,6,1,1
BRDA:267,7,0,4
BRDA:267,7,1,0
BRDA:269,8,0,4
BRDA:269,8,1,1
BRDA:270,9,0,4
BRDA:270,9,1,1
BRDA:271,10,0,4
BRDA:271,10,1,1
BRDA:273,11,0,4
BRDA:273,11,1,4
BRDA:296,12,0,4
BRDA:296,12,1,0
BRDA:297,13,0,4
BRDA:297,13,1,0
BRDA:300,14,0,4
BRDA:300,14,1,0
BRDA:305,15,0,4
BRDA:305,15,1,4
BRDA:317,16,0,9
BRDA:317,16,1,8
BRDA:320,17,0,9
BRDA:320,17,1,6
BRDA:320,17,2,0
BRDA:321,18,0,9
BRDA:321,18,1,6
BRDA:338,19,0,6
BRDA:338,19,1,2
BRDA:339,20,0,6
BRDA:339,20,1,2
BRDA:340,21,0,6
BRDA:340,21,1,2
BRDA:351,22,0,8
BRDA:351,22,1,8
BRDA:352,23,0,8
BRDA:352,23,1,8
BRDA:372,24,0,7
BRDA:372,24,1,0
BRDA:381,25,0,3
BRDA:381,25,1,3
BRDA:392,26,0,2
BRDA:392,26,1,1
BRDA:396,27,0,2
BRDA:396,27,1,2
BRDA:396,27,2,0
BRDA:425,28,0,1
BRDA:425,28,1,0
BRDA:432,29,0,1
BRDA:432,29,1,1
BRDA:437,30,0,1
BRDA:458,31,0,6
BRDA:458,31,1,3
BRDA:461,32,0,3
BRDA:484,33,0,5
BRDA:488,34,0,2
BRDA:492,35,0,2
BRDA:503,36,0,2
BRDA:503,37,0,14
BRDA:503,37,1,14
BRDA:506,38,0,0
BRDA:506,39,0,12
BRDA:506,39,1,12
BRDA:509,40,0,0
BRDA:509,41,0,12
BRDA:509,41,1,12
BRDA:512,42,0,1
BRDA:518,43,0,1
BRDA:518,44,0,8
BRDA:518,44,1,7
BRDA:521,45,0,0
BRDA:521,46,0,7
BRDA:521,46,1,7
BRDA:524,47,0,1
BRDA:524,48,0,7
BRDA:524,48,1,7
BRDA:530,49,0,1
BRDA:530,50,0,7
BRDA:530,50,1,6
BRDA:533,51,0,1
BRDA:533,52,0,6
BRDA:533,52,1,5
BRDA:543,53,0,1
BRDA:543,54,0,10
BRDA:543,54,1,9
BRF:94
BRH:82
end_of_record
TN:
SF:src\utils\logger.ts
FN:16,(anonymous_1)
FN:32,(anonymous_2)
FN:65,(anonymous_3)
FN:72,(anonymous_4)
FN:79,(anonymous_5)
FN:88,(anonymous_6)
FN:95,(anonymous_7)
FN:102,(anonymous_8)
FN:109,(anonymous_9)
FN:116,(anonymous_10)
FN:123,(anonymous_11)
FN:134,(anonymous_12)
FN:146,(anonymous_13)
FN:159,(anonymous_14)
FN:168,(anonymous_15)
FN:179,(anonymous_16)
FN:212,(anonymous_17)
FN:226,(anonymous_18)
FN:240,(anonymous_19)
FN:252,(anonymous_20)
FNF:20
FNH:18
FNDA:0,(anonymous_1)
FNDA:0,(anonymous_2)
FNDA:3,(anonymous_3)
FNDA:16,(anonymous_4)
FNDA:10,(anonymous_5)
FNDA:4,(anonymous_6)
FNDA:2,(anonymous_7)
FNDA:24,(anonymous_8)
FNDA:8,(anonymous_9)
FNDA:1,(anonymous_10)
FNDA:5,(anonymous_11)
FNDA:6,(anonymous_12)
FNDA:2,(anonymous_13)
FNDA:5,(anonymous_14)
FNDA:37,(anonymous_15)
FNDA:6,(anonymous_16)
FNDA:4,(anonymous_17)
FNDA:5,(anonymous_18)
FNDA:2,(anonymous_19)
FNDA:3,(anonymous_20)
DA:6,1
DA:12,1
DA:17,0
DA:29,1
DA:33,0
DA:34,0
DA:41,1
DA:60,11
DA:66,3
DA:73,16
DA:80,10
DA:81,10
DA:82,10
DA:89,4
DA:96,2
DA:103,24
DA:110,8
DA:117,1
DA:124,5
DA:135,6
DA:147,2
DA:160,5
DA:161,1
DA:164,4
DA:165,4
DA:167,4
DA:168,37
DA:169,1
DA:173,4
DA:180,6
DA:181,3
DA:184,3
DA:187,3
DA:188,1
DA:189,1
DA:190,1
DA:191,1
DA:194,3
DA:201,1
DA:206,1
DA:211,1
DA:213,4
DA:214,4
DA:221,1
DA:227,5
DA:228,5
DA:229,5
DA:231,5
DA:241,2
DA:242,2
DA:253,3
DA:255,3
DA:256,2
DA:262,1
DA:270,3
LF:55
LH:52
BRDA:33,0,0,0
BRDA:33,0,1,0
BRDA:42,1,0,1
BRDA:42,1,1,0
BRDA:50,2,0,0
BRDA:50,2,1,1
BRDA:88,3,0,1
BRDA:95,4,0,1
BRDA:102,5,0,7
BRDA:109,6,0,1
BRDA:116,7,0,1
BRDA:123,8,0,0
BRDA:134,9,0,0
BRDA:160,10,0,1
BRDA:160,11,0,5
BRDA:160,11,1,5
BRDA:168,12,0,1
BRDA:180,13,0,3
BRDA:180,14,0,6
BRDA:180,14,1,5
BRDA:187,15,0,1
BRDA:187,16,0,3
BRDA:187,16,1,1
BRDA:213,17,0,4
BRDA:213,17,1,2
BRDA:226,18,0,0
BRDA:252,19,0,0
BRDA:255,20,0,2
BRDA:255,20,1,1
BRF:29
BRH:21
end_of_record
